<?xml version="1.0" encoding="UTF-8" ?>
<testsuite errors="1" failures="0" hostname="ipka23s-Air-M2.netis.cc" name="test.java.TestHitChecker" skipped="0" tests="1" time="0.0" timestamp="2026-05-10T01:31:58">
  <properties>
[...]
</properties>
  <error message="test.java.TestHitChecker" type="java.lang.ClassNotFoundException">java.lang.ClassNotFoundException: test.java.TestHitChecker
	at java.base/jdk.internal.loader.BuiltinClassLoader.loadClass(BuiltinClassLoader.java:641)
	at java.base/jdk.internal.loader.ClassLoaders$AppClassLoader.loadClass(ClassLoaders.java:188)
	at java.base/java.lang.ClassLoader.loadClass(ClassLoader.java:526)
	at java.base/java.lang.Class.forName0(Native Method)
	at java.base/java.lang.Class.forName(Class.java:534)
	at java.base/java.lang.Class.forName(Class.java:513)
</error>
  <system-out><![CDATA[]]></system-out>
  <system-err><![CDATA[]]></system-err>
</testsuite>
